This is pdfTeX, Version 3.141592653-2.6-1.40.23 (TeX Live 2021/Arch Linux) (preloaded format=pdflatex 2022.1.25)  18 APR 2022 10:26
entering extended mode
 restricted \write18 enabled.
 file:line:error style messages enabled.
 %&-line parsing enabled.
**/home/dominik/PycharmProjects/comp-syntax-gu-mlt/lab1/assignment_3/swedish.tex
(/home/dominik/PycharmProjects/comp-syntax-gu-mlt/lab1/assignment_3/swedish.tex
LaTeX2e <2021-11-15> patch level 1
L3 programming layer <2021-11-22> (/usr/share/texmf-dist/tex/latex/base/article.cls
Document Class: article 2021/10/04 v1.4n Standard LaTeX document class
(/usr/share/texmf-dist/tex/latex/base/size10.clo
File: size10.clo 2021/10/04 v1.4n Standard LaTeX file (size option)
)
\c@part=\count183
\c@section=\count184
\c@subsection=\count185
\c@subsubsection=\count186
\c@paragraph=\count187
\c@subparagraph=\count188
\c@figure=\count189
\c@table=\count190
\abovecaptionskip=\skip47
\belowcaptionskip=\skip48
\bibindent=\dimen138
) (/usr/share/texmf-dist/tex/latex/base/inputenc.sty
Package: inputenc 2021/02/14 v1.3d Input encoding file
\inpenc@prehook=\toks16
\inpenc@posthook=\toks17
) (/usr/share/texmf-dist/tex/latex/geometry/geometry.sty
Package: geometry 2020/01/02 v5.9 Page Geometry
 (/usr/share/texmf-dist/tex/latex/graphics/keyval.sty
Package: keyval 2014/10/28 v1.15 key=value parser (DPC)
\KV@toks@=\toks18
) (/usr/share/texmf-dist/tex/generic/iftex/ifvtex.sty
Package: ifvtex 2019/10/25 v1.7 ifvtex legacy package. Use iftex instead.
 (/usr/share/texmf-dist/tex/generic/iftex/iftex.sty
Package: iftex 2020/03/06 v1.0d TeX engine tests
))
\Gm@cnth=\count191
\Gm@cntv=\count192
\c@Gm@tempcnt=\count193
\Gm@bindingoffset=\dimen139
\Gm@wd@mp=\dimen140
\Gm@odd@mp=\dimen141
\Gm@even@mp=\dimen142
\Gm@layoutwidth=\dimen143
\Gm@layoutheight=\dimen144
\Gm@layouthoffset=\dimen145
\Gm@layoutvoffset=\dimen146
\Gm@dimlist=\toks19
) (/usr/share/texmf-dist/tex/latex/l3backend/l3backend-pdftex.def
File: l3backend-pdftex.def 2021-12-14 L3 backend support: PDF output (pdfTeX)
\l__color_backend_stack_int=\count194
\l__pdf_internal_box=\box50
) (./swedish.aux)
\openout1 = `swedish.aux'.

LaTeX Font Info:    Checking defaults for OML/cmm/m/it on input line 4.
LaTeX Font Info:    ... okay on input line 4.
LaTeX Font Info:    Checking defaults for OMS/cmsy/m/n on input line 4.
LaTeX Font Info:    ... okay on input line 4.
LaTeX Font Info:    Checking defaults for OT1/cmr/m/n on input line 4.
LaTeX Font Info:    ... okay on input line 4.
LaTeX Font Info:    Checking defaults for T1/cmr/m/n on input line 4.
LaTeX Font Info:    ... okay on input line 4.
LaTeX Font Info:    Checking defaults for TS1/cmr/m/n on input line 4.
LaTeX Font Info:    ... okay on input line 4.
LaTeX Font Info:    Checking defaults for OMX/cmex/m/n on input line 4.
LaTeX Font Info:    ... okay on input line 4.
LaTeX Font Info:    Checking defaults for U/cmr/m/n on input line 4.
LaTeX Font Info:    ... okay on input line 4.

*geometry* driver: auto-detecting
*geometry* detected driver: pdftex
*geometry* verbose mode - [ preamble ] result:
* driver: pdftex
* paper: <default>
* layout: <same size as paper>
* layoutoffset:(h,v)=(0.0pt,0.0pt)
* modes: landscape 
* h-part:(L,W,R)=(0.0pt, 794.96999pt, 0.0pt)
* v-part:(T,H,B)=(0.0pt, 614.295pt, 0.0pt)
* \paperwidth=794.96999pt
* \paperheight=614.295pt
* \textwidth=794.96999pt
* \textheight=614.295pt
* \oddsidemargin=-72.26999pt
* \evensidemargin=-72.26999pt
* \topmargin=-109.26999pt
* \headheight=12.0pt
* \headsep=25.0pt
* \topskip=10.0pt
* \footskip=30.0pt
* \marginparwidth=144.0pt
* \marginparsep=11.0pt
* \columnsep=10.0pt
* \skip\footins=9.0pt plus 4.0pt minus 2.0pt
* \hoffset=0.0pt
* \voffset=0.0pt
* \mag=1000
* \@twocolumnfalse
* \@twosidefalse
* \@mparswitchfalse
* \@reversemarginfalse
* (1in=72.27pt=25.4mm, 1cm=28.453pt)


LaTeX Warning: \oval, \circle, or \line size unavailable on input line 22.


LaTeX Warning: \oval, \circle, or \line size unavailable on input line 58.


LaTeX Warning: \oval, \circle, or \line size unavailable on input line 67.


LaTeX Warning: \oval, \circle, or \line size unavailable on input line 103.


LaTeX Warning: \oval, \circle, or \line size unavailable on input line 106.


LaTeX Warning: \oval, \circle, or \line size unavailable on input line 121.


LaTeX Warning: \oval, \circle, or \line size unavailable on input line 124.


LaTeX Warning: \oval, \circle, or \line size unavailable on input line 167.


LaTeX Warning: \oval, \circle, or \line size unavailable on input line 170.


LaTeX Warning: \oval, \circle, or \line size unavailable on input line 202.


LaTeX Warning: \oval, \circle, or \line size unavailable on input line 220.


LaTeX Warning: \oval, \circle, or \line size unavailable on input line 226.


LaTeX Warning: \oval, \circle, or \line size unavailable on input line 265.


LaTeX Warning: \oval, \circle, or \line size unavailable on input line 268.


LaTeX Warning: \oval, \circle, or \line size unavailable on input line 277.


LaTeX Warning: \oval, \circle, or \line size unavailable on input line 283.


LaTeX Warning: \oval, \circle, or \line size unavailable on input line 292.


LaTeX Warning: \oval, \circle, or \line size unavailable on input line 341.


LaTeX Warning: \oval, \circle, or \line size unavailable on input line 347.


LaTeX Warning: \oval, \circle, or \line size unavailable on input line 353.


LaTeX Warning: \oval, \circle, or \line size unavailable on input line 405.


LaTeX Warning: \oval, \circle, or \line size unavailable on input line 414.


LaTeX Warning: \oval, \circle, or \line size unavailable on input line 426.


LaTeX Warning: \oval, \circle, or \line size unavailable on input line 429.

[1

{/var/lib/texmf/fonts/map/pdftex/updmap/pdftex.map}]

LaTeX Warning: \oval, \circle, or \line size unavailable on input line 471.


LaTeX Warning: \oval, \circle, or \line size unavailable on input line 474.


LaTeX Warning: \oval, \circle, or \line size unavailable on input line 483.


LaTeX Warning: \oval, \circle, or \line size unavailable on input line 492.


LaTeX Warning: \oval, \circle, or \line size unavailable on input line 498.


LaTeX Warning: \oval, \circle, or \line size unavailable on input line 507.


LaTeX Warning: \oval, \circle, or \line size unavailable on input line 510.


LaTeX Warning: \oval, \circle, or \line size unavailable on input line 556.


LaTeX Warning: \oval, \circle, or \line size unavailable on input line 574.


LaTeX Warning: \oval, \circle, or \line size unavailable on input line 583.


LaTeX Warning: \oval, \circle, or \line size unavailable on input line 598.


LaTeX Warning: \oval, \circle, or \line size unavailable on input line 601.


LaTeX Warning: \oval, \circle, or \line size unavailable on input line 648.


LaTeX Warning: \oval, \circle, or \line size unavailable on input line 657.


LaTeX Warning: \oval, \circle, or \line size unavailable on input line 666.


LaTeX Warning: \oval, \circle, or \line size unavailable on input line 672.


LaTeX Warning: \oval, \circle, or \line size unavailable on input line 681.


LaTeX Warning: \oval, \circle, or \line size unavailable on input line 687.


LaTeX Warning: \oval, \circle, or \line size unavailable on input line 734.


LaTeX Warning: \oval, \circle, or \line size unavailable on input line 743.


LaTeX Warning: \oval, \circle, or \line size unavailable on input line 761.


LaTeX Warning: \oval, \circle, or \line size unavailable on input line 773.


LaTeX Warning: \oval, \circle, or \line size unavailable on input line 820.


LaTeX Warning: \oval, \circle, or \line size unavailable on input line 829.


LaTeX Warning: \oval, \circle, or \line size unavailable on input line 879.


LaTeX Warning: \oval, \circle, or \line size unavailable on input line 885.

[2]

LaTeX Warning: \oval, \circle, or \line size unavailable on input line 920.


LaTeX Warning: \oval, \circle, or \line size unavailable on input line 967.


LaTeX Warning: \oval, \circle, or \line size unavailable on input line 995.


LaTeX Warning: \oval, \circle, or \line size unavailable on input line 1004.


LaTeX Warning: \oval, \circle, or \line size unavailable on input line 1013.


LaTeX Warning: \oval, \circle, or \line size unavailable on input line 1056.


LaTeX Warning: \oval, \circle, or \line size unavailable on input line 1111.


LaTeX Warning: \oval, \circle, or \line size unavailable on input line 1114.


LaTeX Warning: \oval, \circle, or \line size unavailable on input line 1129.


LaTeX Warning: \oval, \circle, or \line size unavailable on input line 1150.


LaTeX Warning: \oval, \circle, or \line size unavailable on input line 1196.


LaTeX Warning: \oval, \circle, or \line size unavailable on input line 1220.


LaTeX Warning: \oval, \circle, or \line size unavailable on input line 1235.


LaTeX Warning: \oval, \circle, or \line size unavailable on input line 1309.


LaTeX Warning: \oval, \circle, or \line size unavailable on input line 1315.

[3]

LaTeX Warning: \oval, \circle, or \line size unavailable on input line 1375.


LaTeX Warning: \oval, \circle, or \line size unavailable on input line 1384.


LaTeX Warning: \oval, \circle, or \line size unavailable on input line 1393.


LaTeX Warning: \oval, \circle, or \line size unavailable on input line 1396.


LaTeX Warning: \oval, \circle, or \line size unavailable on input line 1399.


LaTeX Warning: \oval, \circle, or \line size unavailable on input line 1408.


LaTeX Warning: \oval, \circle, or \line size unavailable on input line 1423.


LaTeX Warning: \oval, \circle, or \line size unavailable on input line 1473.


LaTeX Warning: \oval, \circle, or \line size unavailable on input line 1476.


LaTeX Warning: \oval, \circle, or \line size unavailable on input line 1485.


LaTeX Warning: \oval, \circle, or \line size unavailable on input line 1494.


LaTeX Warning: \oval, \circle, or \line size unavailable on input line 1506.


LaTeX Warning: \oval, \circle, or \line size unavailable on input line 1567.


LaTeX Warning: \oval, \circle, or \line size unavailable on input line 1570.


LaTeX Warning: \oval, \circle, or \line size unavailable on input line 1573.


LaTeX Warning: \oval, \circle, or \line size unavailable on input line 1582.


LaTeX Warning: \oval, \circle, or \line size unavailable on input line 1588.


LaTeX Warning: \oval, \circle, or \line size unavailable on input line 1591.


LaTeX Warning: \oval, \circle, or \line size unavailable on input line 1600.


LaTeX Warning: \oval, \circle, or \line size unavailable on input line 1609.

[4] (./swedish.aux) ) 
Here is how much of TeX's memory you used:
 1037 strings out of 478353
 17891 string characters out of 5854635
 376567 words of memory out of 5000000
 19227 multiletter control sequences out of 15000+600000
 403430 words of font info for 27 fonts, out of 8000000 for 9000
 1141 hyphenation exceptions out of 8191
 55i,6n,62p,220b,129s stack positions out of 5000i,500n,10000p,200000b,80000s
</usr/share/texmf-dist/fonts/type1/public/amsfonts/cm/cmr10.pfb></usr/share/texmf-dist/fonts/type1/public/amsfonts/cm/cmr5.pfb></usr/share/texmf-dist/fonts/type1/public/amsfonts/latxfont/lcircle1.pfb></usr/share/texmf-dist/fonts/type1/public/amsfonts/latxfont/line10.pfb>
Output written on swedish.pdf (4 pages, 64200 bytes).
PDF statistics:
 37 PDF objects out of 1000 (max. 8388607)
 22 compressed objects within 1 object stream
 0 named destinations out of 1000 (max. 500000)
 1 words of extra memory for PDF output out of 10000 (max. 10000000)

